2026-03-18 09:04:07,385 [INFO] root: Log file: logs/scrape_20260318_090407.log
2026-03-18 09:04:07,385 [INFO] root: Spritmonitor.de Scraper starting …
2026-03-18 09:04:07,385 [INFO] root: Mode: model
2026-03-18 09:04:07,385 [INFO] root: Config: delay=1.0–3.0s, cache_ttl=7d, max_pages=50
2026-03-18 09:04:07,386 [INFO] scraper.spider: ============================================================
2026-03-18 09:04:07,386 [INFO] scraper.spider: MODE: model (make=Volkswagen, model=Golf, make_id=None)
2026-03-18 09:04:07,386 [INFO] scraper.spider: ============================================================
2026-03-18 09:04:07,388 [DEBUG] scraper.http_client: Cache hit: https://www.spritmonitor.de/en/
2026-03-18 09:04:07,425 [INFO] scraper.parser: Parsed 361 makes from <select id="manuf">.
2026-03-18 09:04:07,425 [INFO] scraper.spider: Processing make: Volkswagen (id=50)
2026-03-18 09:04:07,426 [INFO] scraper.http_client: GET https://www.spritmonitor.de/en/overview/50-Volkswagen.html  (attempt 1/3)
2026-03-18 09:04:07,428 [DEBUG] urllib3.connectionpool: Starting new HTTPS connection (1): www.spritmonitor.de:443
2026-03-18 09:04:07,986 [DEBUG] urllib3.connectionpool: https://www.spritmonitor.de:443 "GET /en/overview/50-Volkswagen.html HTTP/1.1" 404 None
2026-03-18 09:04:07,987 [WARNING] scraper.http_client: 404 Not Found: https://www.spritmonitor.de/en/overview/50-Volkswagen.html
2026-03-18 09:04:07,987 [DEBUG] scraper.http_client: Rate-limit sleep 1.3s
2026-03-18 09:04:09,266 [INFO] scraper.http_client: GET https://www.spritmonitor.de/en/ajaxModel.action?manuf=50&allowempty=false  (attempt 1/3)
2026-03-18 09:04:09,381 [DEBUG] urllib3.connectionpool: https://www.spritmonitor.de:443 "GET /en/ajaxModel.action?manuf=50&allowempty=false HTTP/1.1" 200 None
2026-03-18 09:04:09,382 [DEBUG] scraper.parser: No models parsed from AJAX for make_id=50 (response may be empty or 'All' only).
2026-03-18 09:04:09,382 [INFO] scraper.spider:   Trying search fallback for make_id=50 …
2026-03-18 09:04:09,382 [DEBUG] scraper.http_client: Rate-limit sleep 2.3s
2026-03-18 09:04:11,689 [INFO] scraper.http_client: POST https://www.spritmonitor.de/en/search.html  (attempt 1/3)
2026-03-18 09:04:11,811 [DEBUG] urllib3.connectionpool: https://www.spritmonitor.de:443 "POST /en/search.html HTTP/1.1" 302 None
2026-03-18 09:04:13,522 [DEBUG] urllib3.connectionpool: https://www.spritmonitor.de:443 "GET /en/overview/50-Volkswagen/0-All_models.html?powerunit=2 HTTP/1.1" 200 None
2026-03-18 09:04:13,553 [WARNING] scraper.spider:   No models found for Volkswagen (id=50) with any strategy.
2026-03-18 09:04:13,553 [WARNING] scraper.spider: No matching models found.
2026-03-18 09:04:13,554 [INFO] scraper.storage: Saving 0 records to output files …
2026-03-18 09:04:13,554 [INFO] scraper.storage: CSV:  output/spritmonitor_model_20260318.csv  (0 rows)
2026-03-18 09:04:13,554 [INFO] scraper.storage: JSON: output/spritmonitor_model_20260318.json
2026-03-18 09:04:13,554 [INFO] scraper.spider: ============================================================
2026-03-18 09:04:13,554 [INFO] scraper.spider: SCRAPING COMPLETE
2026-03-18 09:04:13,554 [INFO] scraper.spider:   Total records:  0
2026-03-18 09:04:13,555 [INFO] scraper.spider:   HTTP requests:  3
2026-03-18 09:04:13,555 [INFO] scraper.spider:   Elapsed time:   0.1 minutes
2026-03-18 09:04:13,555 [INFO] scraper.spider:   Progress stats: {'completed_makes': [], 'completed_models': [], 'current_make': None, 'current_model': None, 'total_makes': 0, 'total_models': 0, 'total_records': 0, 'errors': 0}
2026-03-18 09:04:13,555 [INFO] scraper.spider: ============================================================
