2026-03-21 11:25:47,485 [INFO] root: Log file: logs/scrape_20260321_112547.log
2026-03-21 11:25:47,485 [INFO] root: Spritmonitor.de Scraper starting …
2026-03-21 11:25:47,485 [INFO] root: Mode: model
2026-03-21 11:25:47,485 [INFO] root: Config: delay=2.0–3.0s, cache_ttl=7d, max_pages=50
2026-03-21 11:25:47,485 [INFO] scraper.spider: ============================================================
2026-03-21 11:25:47,486 [INFO] scraper.spider: MODE: model (make=Ford, model=Falcon, make_id=None)
2026-03-21 11:25:47,486 [INFO] scraper.spider: ============================================================
2026-03-21 11:25:47,487 [INFO] scraper.http_client: GET https://www.spritmonitor.de/en/  (attempt 1/3)
2026-03-21 11:25:47,489 [DEBUG] urllib3.connectionpool: Starting new HTTPS connection (1): www.spritmonitor.de:443
2026-03-21 11:25:48,893 [DEBUG] urllib3.connectionpool: https://www.spritmonitor.de:443 "GET /en/ HTTP/1.1" 200 None
2026-03-21 11:25:48,916 [INFO] scraper.parser: Parsed 361 makes from page.
2026-03-21 11:25:48,916 [INFO] scraper.spider: Processing make: Ford (id=17)
2026-03-21 11:25:48,916 [DEBUG] scraper.http_client: Rate-limit sleep 2.1s
2026-03-21 11:25:50,991 [INFO] scraper.http_client: GET https://www.spritmonitor.de/en/ajaxModel.action?manuf=17&allowempty=false  (attempt 1/3)
2026-03-21 11:25:51,104 [DEBUG] urllib3.connectionpool: https://www.spritmonitor.de:443 "GET /en/ajaxModel.action?manuf=17&allowempty=false HTTP/1.1" 200 None
2026-03-21 11:25:51,105 [INFO] scraper.parser: Parsed 46 models for make_id=17 via AJAX.
2026-03-21 11:25:51,105 [INFO] scraper.spider:   Model: Falcon (id=1223)
2026-03-21 11:25:51,105 [DEBUG] scraper.http_client: Rate-limit sleep 1.7s
2026-03-21 11:25:52,806 [INFO] scraper.http_client: GET https://www.spritmonitor.de/en/overview/17-Ford/1223-Falcon.html  (attempt 1/3)
2026-03-21 11:25:52,939 [DEBUG] urllib3.connectionpool: https://www.spritmonitor.de:443 "GET /en/overview/17-Ford/1223-Falcon.html HTTP/1.1" 200 None
2026-03-21 11:25:52,977 [DEBUG] scraper.parser: Parsed 15 vehicle entries from searchresults table.
2026-03-21 11:25:53,006 [INFO] scraper.spider:     15 unique vehicles found for Ford Falcon — fetching details …
2026-03-21 11:25:53,006 [DEBUG] scraper.http_client: Rate-limit sleep 2.0s
2026-03-21 11:25:55,047 [INFO] scraper.http_client: GET https://www.spritmonitor.de/en/detail/694938.html  (attempt 1/3)
2026-03-21 11:25:55,193 [DEBUG] urllib3.connectionpool: https://www.spritmonitor.de:443 "GET /en/detail/694938.html HTTP/1.1" 200 None
2026-03-21 11:25:55,214 [DEBUG] scraper.parser: Parsed vehicle detail 694938: 1 fuel sections, 1 cdetail links.
2026-03-21 11:25:55,215 [DEBUG] scraper.http_client: Rate-limit sleep 2.5s
2026-03-21 11:25:57,740 [INFO] scraper.http_client: GET https://www.spritmonitor.de/en/detail/694938.html?cdetail=1  (attempt 1/3)
2026-03-21 11:25:57,889 [DEBUG] urllib3.connectionpool: https://www.spritmonitor.de:443 "GET /en/detail/694938.html?cdetail=1 HTTP/1.1" 200 None
2026-03-21 11:25:57,914 [DEBUG] scraper.http_client: Rate-limit sleep 1.3s
2026-03-21 11:25:59,205 [INFO] scraper.http_client: GET https://www.spritmonitor.de/en/detail/746426.html  (attempt 1/3)
2026-03-21 11:25:59,339 [DEBUG] urllib3.connectionpool: https://www.spritmonitor.de:443 "GET /en/detail/746426.html HTTP/1.1" 200 None
2026-03-21 11:25:59,382 [DEBUG] scraper.parser: Parsed vehicle detail 746426: 1 fuel sections, 1 cdetail links.
2026-03-21 11:25:59,382 [DEBUG] scraper.http_client: Rate-limit sleep 1.4s
2026-03-21 11:26:00,798 [INFO] scraper.http_client: GET https://www.spritmonitor.de/en/detail/746426.html?cdetail=1  (attempt 1/3)
2026-03-21 11:26:00,936 [DEBUG] urllib3.connectionpool: https://www.spritmonitor.de:443 "GET /en/detail/746426.html?cdetail=1 HTTP/1.1" 200 None
2026-03-21 11:26:00,954 [DEBUG] scraper.http_client: Rate-limit sleep 2.5s
2026-03-21 11:26:03,453 [INFO] scraper.http_client: GET https://www.spritmonitor.de/en/detail/752211.html  (attempt 1/3)
2026-03-21 11:26:03,600 [DEBUG] urllib3.connectionpool: https://www.spritmonitor.de:443 "GET /en/detail/752211.html HTTP/1.1" 200 None
2026-03-21 11:26:03,623 [DEBUG] scraper.parser: Parsed vehicle detail 752211: 1 fuel sections, 1 cdetail links.
2026-03-21 11:26:03,623 [DEBUG] scraper.http_client: Rate-limit sleep 1.7s
2026-03-21 11:26:05,304 [INFO] scraper.http_client: GET https://www.spritmonitor.de/en/detail/752211.html?cdetail=1  (attempt 1/3)
2026-03-21 11:26:05,449 [DEBUG] urllib3.connectionpool: https://www.spritmonitor.de:443 "GET /en/detail/752211.html?cdetail=1 HTTP/1.1" 200 None
2026-03-21 11:26:05,474 [DEBUG] scraper.http_client: Rate-limit sleep 2.2s
2026-03-21 11:26:07,639 [INFO] scraper.http_client: GET https://www.spritmonitor.de/en/detail/778708.html  (attempt 1/3)
2026-03-21 11:26:07,796 [DEBUG] urllib3.connectionpool: https://www.spritmonitor.de:443 "GET /en/detail/778708.html HTTP/1.1" 200 None
2026-03-21 11:26:07,822 [DEBUG] scraper.parser: Parsed vehicle detail 778708: 1 fuel sections, 1 cdetail links.
2026-03-21 11:26:07,822 [DEBUG] scraper.http_client: Rate-limit sleep 1.1s
2026-03-21 11:26:08,971 [INFO] scraper.http_client: GET https://www.spritmonitor.de/en/detail/778708.html?cdetail=1  (attempt 1/3)
2026-03-21 11:26:09,124 [DEBUG] urllib3.connectionpool: https://www.spritmonitor.de:443 "GET /en/detail/778708.html?cdetail=1 HTTP/1.1" 200 None
2026-03-21 11:26:09,149 [DEBUG] scraper.http_client: Rate-limit sleep 1.8s
2026-03-21 11:26:10,953 [INFO] scraper.http_client: GET https://www.spritmonitor.de/en/detail/972643.html  (attempt 1/3)
2026-03-21 11:26:11,123 [DEBUG] urllib3.connectionpool: https://www.spritmonitor.de:443 "GET /en/detail/972643.html HTTP/1.1" 200 None
2026-03-21 11:26:11,168 [DEBUG] scraper.parser: Parsed vehicle detail 972643: 1 fuel sections, 1 cdetail links.
2026-03-21 11:26:11,168 [DEBUG] scraper.http_client: Rate-limit sleep 2.7s
2026-03-21 11:26:13,869 [INFO] scraper.http_client: GET https://www.spritmonitor.de/en/detail/972643.html?cdetail=1  (attempt 1/3)
2026-03-21 11:26:14,034 [DEBUG] urllib3.connectionpool: https://www.spritmonitor.de:443 "GET /en/detail/972643.html?cdetail=1 HTTP/1.1" 200 None
2026-03-21 11:26:14,062 [DEBUG] scraper.http_client: Rate-limit sleep 2.0s
2026-03-21 11:26:16,091 [INFO] scraper.http_client: GET https://www.spritmonitor.de/en/detail/548667.html  (attempt 1/3)
2026-03-21 11:26:16,238 [DEBUG] urllib3.connectionpool: https://www.spritmonitor.de:443 "GET /en/detail/548667.html HTTP/1.1" 200 None
2026-03-21 11:26:16,266 [DEBUG] scraper.parser: Parsed vehicle detail 548667: 1 fuel sections, 1 cdetail links.
2026-03-21 11:26:16,267 [DEBUG] scraper.http_client: Rate-limit sleep 1.9s
2026-03-21 11:26:18,146 [INFO] scraper.http_client: GET https://www.spritmonitor.de/en/detail/548667.html?cdetail=1  (attempt 1/3)
2026-03-21 11:26:18,305 [DEBUG] urllib3.connectionpool: https://www.spritmonitor.de:443 "GET /en/detail/548667.html?cdetail=1 HTTP/1.1" 200 None
2026-03-21 11:26:18,337 [DEBUG] scraper.http_client: Rate-limit sleep 1.6s
2026-03-21 11:26:19,969 [INFO] scraper.http_client: GET https://www.spritmonitor.de/en/detail/352207.html  (attempt 1/3)
2026-03-21 11:26:20,116 [DEBUG] urllib3.connectionpool: https://www.spritmonitor.de:443 "GET /en/detail/352207.html HTTP/1.1" 200 None
2026-03-21 11:26:20,142 [DEBUG] scraper.parser: Parsed vehicle detail 352207: 1 fuel sections, 1 cdetail links.
2026-03-21 11:26:20,142 [DEBUG] scraper.http_client: Rate-limit sleep 2.0s
2026-03-21 11:26:22,136 [INFO] scraper.http_client: GET https://www.spritmonitor.de/en/detail/352207.html?cdetail=1  (attempt 1/3)
2026-03-21 11:26:22,294 [DEBUG] urllib3.connectionpool: https://www.spritmonitor.de:443 "GET /en/detail/352207.html?cdetail=1 HTTP/1.1" 200 None
2026-03-21 11:26:22,322 [DEBUG] scraper.http_client: Rate-limit sleep 2.9s
2026-03-21 11:26:25,195 [INFO] scraper.http_client: GET https://www.spritmonitor.de/en/detail/508241.html  (attempt 1/3)
2026-03-21 11:26:25,338 [DEBUG] urllib3.connectionpool: https://www.spritmonitor.de:443 "GET /en/detail/508241.html HTTP/1.1" 200 None
2026-03-21 11:26:25,356 [DEBUG] scraper.parser: Parsed vehicle detail 508241: 1 fuel sections, 1 cdetail links.
2026-03-21 11:26:25,356 [DEBUG] scraper.http_client: Rate-limit sleep 2.3s
2026-03-21 11:26:27,618 [INFO] scraper.http_client: GET https://www.spritmonitor.de/en/detail/508241.html?cdetail=1  (attempt 1/3)
2026-03-21 11:26:27,764 [DEBUG] urllib3.connectionpool: https://www.spritmonitor.de:443 "GET /en/detail/508241.html?cdetail=1 HTTP/1.1" 200 None
2026-03-21 11:26:27,786 [DEBUG] scraper.http_client: Rate-limit sleep 1.2s
2026-03-21 11:26:29,030 [INFO] scraper.http_client: GET https://www.spritmonitor.de/en/detail/460832.html  (attempt 1/3)
2026-03-21 11:26:29,197 [DEBUG] urllib3.connectionpool: https://www.spritmonitor.de:443 "GET /en/detail/460832.html HTTP/1.1" 200 None
2026-03-21 11:26:29,230 [DEBUG] scraper.parser: Parsed vehicle detail 460832: 1 fuel sections, 1 cdetail links.
2026-03-21 11:26:29,230 [DEBUG] scraper.http_client: Rate-limit sleep 1.3s
2026-03-21 11:26:30,562 [INFO] scraper.http_client: GET https://www.spritmonitor.de/en/detail/460832.html?cdetail=1  (attempt 1/3)
2026-03-21 11:26:30,719 [DEBUG] urllib3.connectionpool: https://www.spritmonitor.de:443 "GET /en/detail/460832.html?cdetail=1 HTTP/1.1" 200 None
2026-03-21 11:26:30,755 [DEBUG] scraper.http_client: Rate-limit sleep 2.9s
2026-03-21 11:26:33,672 [INFO] scraper.http_client: GET https://www.spritmonitor.de/en/detail/841715.html  (attempt 1/3)
2026-03-21 11:26:33,828 [DEBUG] urllib3.connectionpool: https://www.spritmonitor.de:443 "GET /en/detail/841715.html HTTP/1.1" 200 None
2026-03-21 11:26:33,858 [DEBUG] scraper.parser: Parsed vehicle detail 841715: 1 fuel sections, 1 cdetail links.
2026-03-21 11:26:33,858 [DEBUG] scraper.http_client: Rate-limit sleep 2.6s
2026-03-21 11:26:36,454 [INFO] scraper.http_client: GET https://www.spritmonitor.de/en/detail/841715.html?cdetail=1  (attempt 1/3)
2026-03-21 11:26:36,624 [DEBUG] urllib3.connectionpool: https://www.spritmonitor.de:443 "GET /en/detail/841715.html?cdetail=1 HTTP/1.1" 200 None
2026-03-21 11:26:36,678 [DEBUG] scraper.http_client: Rate-limit sleep 1.0s
2026-03-21 11:26:37,728 [INFO] scraper.http_client: GET https://www.spritmonitor.de/en/detail/609887.html  (attempt 1/3)
2026-03-21 11:26:37,871 [DEBUG] urllib3.connectionpool: https://www.spritmonitor.de:443 "GET /en/detail/609887.html HTTP/1.1" 200 None
2026-03-21 11:26:37,886 [DEBUG] scraper.parser: Parsed vehicle detail 609887: 1 fuel sections, 1 cdetail links.
2026-03-21 11:26:37,886 [DEBUG] scraper.http_client: Rate-limit sleep 1.5s
2026-03-21 11:26:39,367 [INFO] scraper.http_client: GET https://www.spritmonitor.de/en/detail/609887.html?cdetail=1  (attempt 1/3)
2026-03-21 11:26:39,508 [DEBUG] urllib3.connectionpool: https://www.spritmonitor.de:443 "GET /en/detail/609887.html?cdetail=1 HTTP/1.1" 200 None
2026-03-21 11:26:39,526 [DEBUG] scraper.http_client: Rate-limit sleep 1.8s
2026-03-21 11:26:41,346 [INFO] scraper.http_client: GET https://www.spritmonitor.de/en/detail/507314.html  (attempt 1/3)
2026-03-21 11:26:41,582 [DEBUG] urllib3.connectionpool: https://www.spritmonitor.de:443 "GET /en/detail/507314.html HTTP/1.1" 200 None
2026-03-21 11:26:41,628 [DEBUG] scraper.parser: Parsed vehicle detail 507314: 1 fuel sections, 1 cdetail links.
2026-03-21 11:26:41,628 [DEBUG] scraper.http_client: Rate-limit sleep 1.5s
2026-03-21 11:26:43,133 [INFO] scraper.http_client: GET https://www.spritmonitor.de/en/detail/507314.html?cdetail=1  (attempt 1/3)
2026-03-21 11:26:43,267 [DEBUG] urllib3.connectionpool: https://www.spritmonitor.de:443 "GET /en/detail/507314.html?cdetail=1 HTTP/1.1" 200 None
2026-03-21 11:26:43,285 [DEBUG] scraper.http_client: Rate-limit sleep 2.2s
2026-03-21 11:26:45,510 [INFO] scraper.http_client: GET https://www.spritmonitor.de/en/detail/1642515.html  (attempt 1/3)
2026-03-21 11:26:45,643 [DEBUG] urllib3.connectionpool: https://www.spritmonitor.de:443 "GET /en/detail/1642515.html HTTP/1.1" 200 None
2026-03-21 11:26:45,659 [DEBUG] scraper.parser: Parsed vehicle detail 1642515: 1 fuel sections, 1 cdetail links.
2026-03-21 11:26:45,659 [DEBUG] scraper.http_client: Rate-limit sleep 1.6s
2026-03-21 11:26:47,267 [INFO] scraper.http_client: GET https://www.spritmonitor.de/en/detail/1642515.html?cdetail=1  (attempt 1/3)
2026-03-21 11:26:47,403 [DEBUG] urllib3.connectionpool: https://www.spritmonitor.de:443 "GET /en/detail/1642515.html?cdetail=1 HTTP/1.1" 200 None
2026-03-21 11:26:47,433 [DEBUG] scraper.http_client: Rate-limit sleep 1.7s
2026-03-21 11:26:49,142 [INFO] scraper.http_client: GET https://www.spritmonitor.de/en/detail/1413345.html  (attempt 1/3)
2026-03-21 11:26:49,304 [DEBUG] urllib3.connectionpool: https://www.spritmonitor.de:443 "GET /en/detail/1413345.html HTTP/1.1" 200 None
2026-03-21 11:26:49,336 [DEBUG] scraper.parser: Parsed vehicle detail 1413345: 1 fuel sections, 1 cdetail links.
2026-03-21 11:26:49,336 [DEBUG] scraper.http_client: Rate-limit sleep 1.5s
2026-03-21 11:26:50,860 [INFO] scraper.http_client: GET https://www.spritmonitor.de/en/detail/1413345.html?cdetail=1  (attempt 1/3)
2026-03-21 11:26:51,024 [DEBUG] urllib3.connectionpool: https://www.spritmonitor.de:443 "GET /en/detail/1413345.html?cdetail=1 HTTP/1.1" 200 None
2026-03-21 11:26:51,060 [DEBUG] scraper.http_client: Rate-limit sleep 1.7s
2026-03-21 11:26:52,765 [INFO] scraper.http_client: GET https://www.spritmonitor.de/en/detail/860612.html  (attempt 1/3)
2026-03-21 11:26:52,932 [DEBUG] urllib3.connectionpool: https://www.spritmonitor.de:443 "GET /en/detail/860612.html HTTP/1.1" 200 None
2026-03-21 11:26:52,965 [DEBUG] scraper.parser: Parsed vehicle detail 860612: 1 fuel sections, 1 cdetail links.
2026-03-21 11:26:52,965 [DEBUG] scraper.http_client: Rate-limit sleep 2.0s
2026-03-21 11:26:55,007 [INFO] scraper.http_client: GET https://www.spritmonitor.de/en/detail/860612.html?cdetail=1  (attempt 1/3)
2026-03-21 11:26:55,168 [DEBUG] urllib3.connectionpool: https://www.spritmonitor.de:443 "GET /en/detail/860612.html?cdetail=1 HTTP/1.1" 200 None
2026-03-21 11:26:55,204 [INFO] scraper.spider:     Done with Ford Falcon.
2026-03-21 11:26:55,204 [INFO] scraper.storage: Saving 15 records to output files …
2026-03-21 11:26:55,205 [INFO] scraper.storage: CSV:  output/spritmonitor_model_20260321.csv  (15 rows)
2026-03-21 11:26:55,205 [INFO] scraper.storage: JSON: output/spritmonitor_model_20260321.json
2026-03-21 11:26:55,205 [INFO] scraper.spider: ============================================================
2026-03-21 11:26:55,205 [INFO] scraper.spider: SCRAPING COMPLETE
2026-03-21 11:26:55,205 [INFO] scraper.spider:   Total records:  15
2026-03-21 11:26:55,205 [INFO] scraper.spider:   HTTP requests:  33
2026-03-21 11:26:55,205 [INFO] scraper.spider:   Elapsed time:   1.1 minutes
2026-03-21 11:26:55,206 [INFO] scraper.spider:   Progress stats: {'completed_makes': [], 'completed_models': [], 'current_make': None, 'current_model': None, 'total_makes': 0, 'total_models': 0, 'total_records': 15, 'errors': 0}
2026-03-21 11:26:55,206 [INFO] scraper.spider: ============================================================
